<?xml version="1.0" encoding="UTF-8"?>
<!-- Generated by org.testng.reporters.JUnitXMLReporter -->
<testsuite ignored="0" hostname="Bidve-HHQ2QL3" failures="0" tests="4" name="Default test" time="13.037" errors="0" timestamp="2023-08-29T17:46:06 IST">
  <testcase classname="api.test.UserTest" name="testPostUser" time="5.687"/>
  <testcase classname="api.test.UserTest" name="testgetUserByName" time="1.42"/>
  <testcase classname="api.test.UserTest" name="testUpadteUserByName" time="3.191"/>
  <testcase classname="api.test.UserTest" name="testDeleteUserByName" time="1.348"/>
</testsuite> <!-- Default test -->
