<?xml version="1.0" encoding="UTF-8"?>
<!-- Generated by org.testng.reporters.JUnitXMLReporter -->
<testsuite ignored="0" hostname="Bidve-HHQ2QL3" failures="1" tests="8" name="Test" time="10.765" errors="0" timestamp="2023-07-20T18:12:15 IST">
  <testcase classname="api.test.API" name="CreateBlog" time="1.819">
    <failure type="java.lang.AssertionError" message="
Expected: &amp;quot;Successfully requeste&amp;quot;
     but: was &amp;quot;Successfully requested&amp;quot;">
      <![CDATA[java.lang.AssertionError: 
Expected: "Successfully requeste"
     but: was "Successfully requested"
at org.hamcrest.MatcherAssert.assertThat(MatcherAssert.java:18)
at org.hamcrest.MatcherAssert.assertThat(MatcherAssert.java:6)
at api.test.API.CreateBlog(API.java:36)
at java.base/java.util.ArrayList.forEach(ArrayList.java:1511)
... Removed 25 stack frames]]>
    </failure>
  </testcase> <!-- CreateBlog -->
  <testcase classname="api.test.API" name="Roles" time="0.218"/>
  <testcase classname="api.test.DataDrivenTest" name="testPostUser" time="1.378"/>
  <testcase classname="api.test.DataDrivenTest" name="testPostUser" time="1.107"/>
  <testcase classname="api.test.DataDrivenTest" name="testPostUser" time="1.162"/>
  <testcase classname="api.test.DataDrivenTest" name="deleteUserByNames" time="1.216"/>
  <testcase classname="api.test.DataDrivenTest" name="deleteUserByNames" time="1.241"/>
  <testcase classname="api.test.DataDrivenTest" name="deleteUserByNames" time="1.114"/>
</testsuite> <!-- Test -->
