<?xml version="1.0" encoding="UTF-8"?>
<!-- Generated by org.testng.reporters.JUnitXMLReporter -->
<testsuite ignored="0" hostname="Bidve-HHQ2QL3" failures="0" tests="14" name="Test" time="18.232" errors="0" timestamp="2023-08-29T15:30:26 IST">
  <testcase classname="api.test.API" name="CreateBlog" time="2.385"/>
  <testcase classname="api.test.API" name="Roles" time="0.224"/>
  <testcase classname="api.test.DataDrivenTest" name="testPostUser" time="1.217"/>
  <testcase classname="api.test.DataDrivenTest" name="testPostUser" time="1.246"/>
  <testcase classname="api.test.DataDrivenTest" name="testPostUser" time="1.28"/>
  <testcase classname="api.test.DataDrivenTest" name="testPostUser" time="1.193"/>
  <testcase classname="api.test.DataDrivenTest" name="getuser" time="1.218"/>
  <testcase classname="api.test.DataDrivenTest" name="getuser" time="1.111"/>
  <testcase classname="api.test.DataDrivenTest" name="getuser" time="1.309"/>
  <testcase classname="api.test.DataDrivenTest" name="getuser" time="1.119"/>
  <testcase classname="api.test.DataDrivenTest" name="deleteUserByNames" time="1.177"/>
  <testcase classname="api.test.DataDrivenTest" name="deleteUserByNames" time="1.154"/>
  <testcase classname="api.test.DataDrivenTest" name="deleteUserByNames" time="1.164"/>
  <testcase classname="api.test.DataDrivenTest" name="deleteUserByNames" time="1.175"/>
</testsuite> <!-- Test -->
