<?xml version="1.0" encoding="UTF-8"?>
<!-- Generated by org.testng.reporters.JUnitXMLReporter -->
<testsuite ignored="0" hostname="Bidve-HHQ2QL3" failures="1" tests="8" name="Test" time="12.257" errors="0" timestamp="2023-07-20T18:12:44 IST">
  <testcase classname="api.test.API" name="CreateBlog" time="2.657">
    <failure type="java.lang.AssertionError" message="
Expected: &amp;quot;Successfully requeste&amp;quot;
     but: was &amp;quot;Successfully requested&amp;quot;">
      <![CDATA[java.lang.AssertionError: 
Expected: "Successfully requeste"
     but: was "Successfully requested"
at org.hamcrest.MatcherAssert.assertThat(MatcherAssert.java:18)
at org.hamcrest.MatcherAssert.assertThat(MatcherAssert.java:6)
at api.test.API.CreateBlog(API.java:36)
at java.base/java.util.ArrayList.forEach(ArrayList.java:1511)
... Removed 29 stack frames]]>
    </failure>
  </testcase> <!-- CreateBlog -->
  <testcase classname="api.test.API" name="Roles" time="0.247"/>
  <testcase classname="api.test.DataDrivenTest" name="testPostUser" time="1.891"/>
  <testcase classname="api.test.DataDrivenTest" name="testPostUser" time="1.119"/>
  <testcase classname="api.test.DataDrivenTest" name="testPostUser" time="1.084"/>
  <testcase classname="api.test.DataDrivenTest" name="deleteUserByNames" time="1.18"/>
  <testcase classname="api.test.DataDrivenTest" name="deleteUserByNames" time="1.151"/>
  <testcase classname="api.test.DataDrivenTest" name="deleteUserByNames" time="1.354"/>
</testsuite> <!-- Test -->
