<?xml version="1.0" encoding="UTF-8"?>
<!-- Generated by org.testng.reporters.JUnitXMLReporter -->
<testsuite ignored="0" hostname="Bidve-HHQ2QL3" failures="0" tests="14" name="Test" time="19.556" errors="0" timestamp="2023-08-29T15:26:02 IST">
  <testcase classname="api.test.API" name="CreateBlog" time="2.264"/>
  <testcase classname="api.test.API" name="Roles" time="0.284"/>
  <testcase classname="api.test.DataDrivenTest" name="testPostUser" time="1.724"/>
  <testcase classname="api.test.DataDrivenTest" name="testPostUser" time="1.141"/>
  <testcase classname="api.test.DataDrivenTest" name="testPostUser" time="1.155"/>
  <testcase classname="api.test.DataDrivenTest" name="testPostUser" time="1.205"/>
  <testcase classname="api.test.DataDrivenTest" name="getuser" time="1.158"/>
  <testcase classname="api.test.DataDrivenTest" name="getuser" time="1.171"/>
  <testcase classname="api.test.DataDrivenTest" name="getuser" time="1.123"/>
  <testcase classname="api.test.DataDrivenTest" name="getuser" time="1.151"/>
  <testcase classname="api.test.DataDrivenTest" name="deleteUserByNames" time="1.183"/>
  <testcase classname="api.test.DataDrivenTest" name="deleteUserByNames" time="2.16"/>
  <testcase classname="api.test.DataDrivenTest" name="deleteUserByNames" time="1.19"/>
  <testcase classname="api.test.DataDrivenTest" name="deleteUserByNames" time="1.38"/>
</testsuite> <!-- Test -->
