<?xml version="1.0" encoding="UTF-8"?>
<testng-results ignored="0" total="14" passed="14" failed="0" skipped="0">
  <reporter-output>
  </reporter-output>
  <suite started-at="2023-08-29T15:25:42 IST" name="Suite" finished-at="2023-08-29T15:26:02 IST" duration-ms="19556">
    <groups>
    </groups>
    <test started-at="2023-08-29T15:25:42 IST" name="Test" finished-at="2023-08-29T15:26:02 IST" duration-ms="19556">
      <class name="api.test.DataDrivenTest">
        <test-method signature="testPostUser(java.lang.String,java.lang.String,java.lang.String,java.lang.String,java.lang.String,java.lang.String,java.lang.String)[pri:1, instance:api.test.DataDrivenTest@708f5957]" started-at="2023-08-29T15:25:46 IST" name="testPostUser" data-provider="Data" finished-at="2023-08-29T15:25:48 IST" duration-ms="1724" status="PASS">
          <params>
            <param index="0">
              <value>
                <![CDATA[105642]]>
              </value>
            </param>
            <param index="1">
              <value>
                <![CDATA[testuser1]]>
              </value>
            </param>
            <param index="2">
              <value>
                <![CDATA[John]]>
              </value>
            </param>
            <param index="3">
              <value>
                <![CDATA[Mishra]]>
              </value>
            </param>
            <param index="4">
              <value>
                <![CDATA[mishra@gmail.com]]>
              </value>
            </param>
            <param index="5">
              <value>
                <![CDATA[test@1]]>
              </value>
            </param>
            <param index="6">
              <value>
                <![CDATA[7654665467]]>
              </value>
            </param>
          </params>
          <reporter-output>
          </reporter-output>
        </test-method> <!-- testPostUser -->
        <test-method signature="testPostUser(java.lang.String,java.lang.String,java.lang.String,java.lang.String,java.lang.String,java.lang.String,java.lang.String)[pri:1, instance:api.test.DataDrivenTest@708f5957]" started-at="2023-08-29T15:25:48 IST" name="testPostUser" data-provider="Data" finished-at="2023-08-29T15:25:49 IST" duration-ms="1141" status="PASS">
          <params>
            <param index="0">
              <value>
                <![CDATA[105643]]>
              </value>
            </param>
            <param index="1">
              <value>
                <![CDATA[testuser2]]>
              </value>
            </param>
            <param index="2">
              <value>
                <![CDATA[Mohan]]>
              </value>
            </param>
            <param index="3">
              <value>
                <![CDATA[Patil]]>
              </value>
            </param>
            <param index="4">
              <value>
                <![CDATA[pati@gmail.com]]>
              </value>
            </param>
            <param index="5">
              <value>
                <![CDATA[test@2]]>
              </value>
            </param>
            <param index="6">
              <value>
                <![CDATA[7654665457]]>
              </value>
            </param>
          </params>
          <reporter-output>
          </reporter-output>
        </test-method> <!-- testPostUser -->
        <test-method signature="testPostUser(java.lang.String,java.lang.String,java.lang.String,java.lang.String,java.lang.String,java.lang.String,java.lang.String)[pri:1, instance:api.test.DataDrivenTest@708f5957]" started-at="2023-08-29T15:25:49 IST" name="testPostUser" data-provider="Data" finished-at="2023-08-29T15:25:50 IST" duration-ms="1155" status="PASS">
          <params>
            <param index="0">
              <value>
                <![CDATA[105644]]>
              </value>
            </param>
            <param index="1">
              <value>
                <![CDATA[testuser3]]>
              </value>
            </param>
            <param index="2">
              <value>
                <![CDATA[Mohini]]>
              </value>
            </param>
            <param index="3">
              <value>
                <![CDATA[Patil]]>
              </value>
            </param>
            <param index="4">
              <value>
                <![CDATA[mpatil@gmail.com]]>
              </value>
            </param>
            <param index="5">
              <value>
                <![CDATA[test@3]]>
              </value>
            </param>
            <param index="6">
              <value>
                <![CDATA[7654665458]]>
              </value>
            </param>
          </params>
          <reporter-output>
          </reporter-output>
        </test-method> <!-- testPostUser -->
        <test-method signature="testPostUser(java.lang.String,java.lang.String,java.lang.String,java.lang.String,java.lang.String,java.lang.String,java.lang.String)[pri:1, instance:api.test.DataDrivenTest@708f5957]" started-at="2023-08-29T15:25:50 IST" name="testPostUser" data-provider="Data" finished-at="2023-08-29T15:25:51 IST" duration-ms="1205" status="PASS">
          <params>
            <param index="0">
              <value>
                <![CDATA[105645]]>
              </value>
            </param>
            <param index="1">
              <value>
                <![CDATA[testuser4]]>
              </value>
            </param>
            <param index="2">
              <value>
                <![CDATA[Mahesh]]>
              </value>
            </param>
            <param index="3">
              <value>
                <![CDATA[Patil]]>
              </value>
            </param>
            <param index="4">
              <value>
                <![CDATA[mahespatil@gmail.com]]>
              </value>
            </param>
            <param index="5">
              <value>
                <![CDATA[test@4]]>
              </value>
            </param>
            <param index="6">
              <value>
                <![CDATA[7654665458]]>
              </value>
            </param>
          </params>
          <reporter-output>
          </reporter-output>
        </test-method> <!-- testPostUser -->
        <test-method signature="getuser(java.lang.String)[pri:2, instance:api.test.DataDrivenTest@708f5957]" started-at="2023-08-29T15:25:51 IST" name="getuser" data-provider="UserNames" finished-at="2023-08-29T15:25:53 IST" duration-ms="1158" status="PASS">
          <params>
            <param index="0">
              <value>
                <![CDATA[testuser1]]>
              </value>
            </param>
          </params>
          <reporter-output>
          </reporter-output>
        </test-method> <!-- getuser -->
        <test-method signature="getuser(java.lang.String)[pri:2, instance:api.test.DataDrivenTest@708f5957]" started-at="2023-08-29T15:25:53 IST" name="getuser" data-provider="UserNames" finished-at="2023-08-29T15:25:54 IST" duration-ms="1171" status="PASS">
          <params>
            <param index="0">
              <value>
                <![CDATA[testuser2]]>
              </value>
            </param>
          </params>
          <reporter-output>
          </reporter-output>
        </test-method> <!-- getuser -->
        <test-method signature="getuser(java.lang.String)[pri:2, instance:api.test.DataDrivenTest@708f5957]" started-at="2023-08-29T15:25:54 IST" name="getuser" data-provider="UserNames" finished-at="2023-08-29T15:25:55 IST" duration-ms="1123" status="PASS">
          <params>
            <param index="0">
              <value>
                <![CDATA[testuser3]]>
              </value>
            </param>
          </params>
          <reporter-output>
          </reporter-output>
        </test-method> <!-- getuser -->
        <test-method signature="getuser(java.lang.String)[pri:2, instance:api.test.DataDrivenTest@708f5957]" started-at="2023-08-29T15:25:55 IST" name="getuser" data-provider="UserNames" finished-at="2023-08-29T15:25:56 IST" duration-ms="1151" status="PASS">
          <params>
            <param index="0">
              <value>
                <![CDATA[testuser4]]>
              </value>
            </param>
          </params>
          <reporter-output>
          </reporter-output>
        </test-method> <!-- getuser -->
        <test-method signature="deleteUserByNames(java.lang.String)[pri:3, instance:api.test.DataDrivenTest@708f5957]" started-at="2023-08-29T15:25:56 IST" name="deleteUserByNames" data-provider="UserNames" finished-at="2023-08-29T15:25:57 IST" duration-ms="1183" status="PASS">
          <params>
            <param index="0">
              <value>
                <![CDATA[testuser1]]>
              </value>
            </param>
          </params>
          <reporter-output>
          </reporter-output>
        </test-method> <!-- deleteUserByNames -->
        <test-method signature="deleteUserByNames(java.lang.String)[pri:3, instance:api.test.DataDrivenTest@708f5957]" started-at="2023-08-29T15:25:57 IST" name="deleteUserByNames" data-provider="UserNames" finished-at="2023-08-29T15:25:59 IST" duration-ms="2160" status="PASS">
          <params>
            <param index="0">
              <value>
                <![CDATA[testuser2]]>
              </value>
            </param>
          </params>
          <reporter-output>
          </reporter-output>
        </test-method> <!-- deleteUserByNames -->
        <test-method signature="deleteUserByNames(java.lang.String)[pri:3, instance:api.test.DataDrivenTest@708f5957]" started-at="2023-08-29T15:25:59 IST" name="deleteUserByNames" data-provider="UserNames" finished-at="2023-08-29T15:26:01 IST" duration-ms="1190" status="PASS">
          <params>
            <param index="0">
              <value>
                <![CDATA[testuser3]]>
              </value>
            </param>
          </params>
          <reporter-output>
          </reporter-output>
        </test-method> <!-- deleteUserByNames -->
        <test-method signature="deleteUserByNames(java.lang.String)[pri:3, instance:api.test.DataDrivenTest@708f5957]" started-at="2023-08-29T15:26:01 IST" name="deleteUserByNames" data-provider="UserNames" finished-at="2023-08-29T15:26:02 IST" duration-ms="1380" status="PASS">
          <params>
            <param index="0">
              <value>
                <![CDATA[testuser4]]>
              </value>
            </param>
          </params>
          <reporter-output>
          </reporter-output>
        </test-method> <!-- deleteUserByNames -->
      </class> <!-- api.test.DataDrivenTest -->
      <class name="api.test.API">
        <test-method is-config="true" signature="setupu()[pri:0, instance:api.test.API@3427b02d]" started-at="2023-08-29T15:25:43 IST" name="setupu" finished-at="2023-08-29T15:25:43 IST" duration-ms="7" status="PASS">
          <reporter-output>
          </reporter-output>
        </test-method> <!-- setupu -->
        <test-method signature="CreateBlog()[pri:0, instance:api.test.API@3427b02d]" started-at="2023-08-29T15:25:43 IST" name="CreateBlog" finished-at="2023-08-29T15:25:45 IST" duration-ms="2264" status="PASS">
          <reporter-output>
          </reporter-output>
        </test-method> <!-- CreateBlog -->
        <test-method signature="Roles()[pri:0, instance:api.test.API@3427b02d]" started-at="2023-08-29T15:25:45 IST" name="Roles" finished-at="2023-08-29T15:25:45 IST" duration-ms="284" status="PASS">
          <reporter-output>
          </reporter-output>
        </test-method> <!-- Roles -->
      </class> <!-- api.test.API -->
    </test> <!-- Test -->
  </suite> <!-- Suite -->
</testng-results>
