<?xml version="1.0" encoding="UTF-8"?>
<testng-results ignored="0" total="4" passed="4" failed="0" skipped="0">
  <reporter-output>
  </reporter-output>
  <suite started-at="2023-08-29T17:45:53 IST" name="Default suite" finished-at="2023-08-29T17:46:06 IST" duration-ms="13037">
    <groups>
    </groups>
    <test started-at="2023-08-29T17:45:53 IST" name="Default test" finished-at="2023-08-29T17:46:06 IST" duration-ms="13037">
      <class name="api.test.UserTest">
        <test-method is-config="true" signature="generateTestData()[pri:0, instance:api.test.UserTest@35cabb2a]" started-at="2023-08-29T17:45:53 IST" name="generateTestData" finished-at="2023-08-29T17:45:54 IST" duration-ms="1312" status="PASS">
          <reporter-output>
          </reporter-output>
        </test-method> <!-- generateTestData -->
        <test-method signature="testPostUser()[pri:1, instance:api.test.UserTest@35cabb2a]" started-at="2023-08-29T17:45:54 IST" name="testPostUser" finished-at="2023-08-29T17:46:00 IST" duration-ms="5687" status="PASS">
          <reporter-output>
          </reporter-output>
        </test-method> <!-- testPostUser -->
        <test-method signature="testgetUserByName()[pri:2, instance:api.test.UserTest@35cabb2a]" started-at="2023-08-29T17:46:00 IST" name="testgetUserByName" finished-at="2023-08-29T17:46:01 IST" duration-ms="1420" status="PASS">
          <reporter-output>
          </reporter-output>
        </test-method> <!-- testgetUserByName -->
        <test-method signature="testUpadteUserByName()[pri:3, instance:api.test.UserTest@35cabb2a]" started-at="2023-08-29T17:46:01 IST" name="testUpadteUserByName" finished-at="2023-08-29T17:46:04 IST" duration-ms="3191" status="PASS">
          <reporter-output>
          </reporter-output>
        </test-method> <!-- testUpadteUserByName -->
        <test-method signature="testDeleteUserByName()[pri:4, instance:api.test.UserTest@35cabb2a]" started-at="2023-08-29T17:46:04 IST" name="testDeleteUserByName" finished-at="2023-08-29T17:46:06 IST" duration-ms="1348" status="PASS">
          <reporter-output>
          </reporter-output>
        </test-method> <!-- testDeleteUserByName -->
      </class> <!-- api.test.UserTest -->
    </test> <!-- Default test -->
  </suite> <!-- Default suite -->
</testng-results>
